\BOOKMARK [0][-]{chapter.1}{Systems of Linear Equations}{}% 1
\BOOKMARK [1][-]{section.1.1}{Introduction to Systems of Linear Equations}{chapter.1}% 2
\BOOKMARK [1][-]{section.1.2}{Gaussian and Gauss-Jordan Elimination}{chapter.1}% 3
\BOOKMARK [1][-]{section.1.3}{Applications of Linear Systems}{chapter.1}% 4
\BOOKMARK [0][-]{chapter.2}{Matrix Algebra}{}% 5
\BOOKMARK [1][-]{section.2.1}{Introduction to Matrices and Matrix Operations}{chapter.2}% 6
\BOOKMARK [1][-]{section.2.2}{Matrix Inverses and Algebraic Properties}{chapter.2}% 7
\BOOKMARK [1][-]{section.2.3}{Elementary Matrices}{chapter.2}% 8
\BOOKMARK [1][-]{section.2.4}{Linear Systems and Matrices}{chapter.2}% 9
\BOOKMARK [0][-]{chapter.3}{Determinants}{}% 10
\BOOKMARK [1][-]{section.3.1}{The Laplace Expansion}{chapter.3}% 11
\BOOKMARK [1][-]{section.3.2}{Determinants and Elementary Operations}{chapter.3}% 12
\BOOKMARK [1][-]{section.3.3}{Determinants and Elementary Matrices}{chapter.3}% 13
\BOOKMARK [1][-]{section.3.4}{Applications of the Determinant}{chapter.3}% 14
\BOOKMARK [0][-]{chapter.4}{Vector Geometry}{}% 15
\BOOKMARK [1][-]{section.4.1}{Introduction to Vectors and Lines}{chapter.4}% 16
\BOOKMARK [1][-]{section.4.2}{Dot Product and Projections}{chapter.4}% 17
\BOOKMARK [1][-]{section.4.3}{Cross Product and Planes}{chapter.4}% 18
\BOOKMARK [1][-]{section.4.4}{Areas, Volumes and Distances}{chapter.4}% 19
\BOOKMARK [1][-]{section.4.5}{Geometry of Solutions of Linear Systems}{chapter.4}% 20
\BOOKMARK [0][-]{chapter.5}{Vector Spaces}{}% 21
\BOOKMARK [1][-]{section.5.1}{Introduction to Vector Spaces}{chapter.5}% 22
\BOOKMARK [1][-]{section.5.2}{Subspaces}{chapter.5}% 23
\BOOKMARK [1][-]{section.5.3}{Spanning Sets}{chapter.5}% 24
\BOOKMARK [1][-]{section.5.4}{Linear Independence}{chapter.5}% 25
\BOOKMARK [1][-]{section.5.5}{Basis}{chapter.5}% 26
\BOOKMARK [1][-]{section.5.6}{Dimension}{chapter.5}% 27
\BOOKMARK [0][-]{appendix*.2}{Answers to Exercises}{}% 28
\BOOKMARK [0][-]{appendix*.2}{References}{}% 29
\BOOKMARK [0][-]{appendix*.3}{Index}{}% 30
